\BOOKMARK [1][-]{section.1}{\376\377\000I\000n\000t\000r\000o\000d\000u\000c\000t\000i\000o\000n}{}% 1
\BOOKMARK [2][-]{subsection.1.1}{\376\377\000M\000o\000t\000i\000v\000a\000t\000i\000o\000n}{section.1}% 2
\BOOKMARK [2][-]{subsection.1.2}{\376\377\000H\000i\000g\000h\000-\000l\000e\000v\000e\000l\000\040\000p\000r\000o\000b\000l\000e\000m\000\040\000s\000t\000a\000t\000e\000m\000e\000n\000t}{section.1}% 3
\BOOKMARK [2][-]{subsection.1.3}{\376\377\000O\000v\000e\000r\000v\000i\000e\000w\000\040\000o\000f\000\040\000w\000o\000r\000k}{section.1}% 4
\BOOKMARK [1][-]{section.2}{\376\377\000B\000a\000c\000k\000g\000r\000o\000u\000n\000d}{}% 5
\BOOKMARK [2][-]{subsection.2.1}{\376\377\000M\000e\000d\000i\000c\000a\000l\000\040\000b\000a\000c\000k\000g\000r\000o\000u\000n\000d}{section.2}% 6
\BOOKMARK [2][-]{subsection.2.2}{\376\377\000C\000u\000f\000f\000-\000l\000e\000s\000s\000\040\000m\000e\000t\000h\000o\000d\000s\000\040\000f\000o\000r\000\040\000d\000e\000r\000i\000v\000i\000n\000g\000\040\000b\000l\000o\000o\000d\000\040\000p\000r\000e\000s\000s\000u\000r\000e\000\040\000\050\000B\000P\000\051}{section.2}% 7
\BOOKMARK [2][-]{subsection.2.3}{\376\377\000N\000e\000u\000r\000a\000l\000\040\000N\000e\000t\000w\000o\000r\000k\000s}{section.2}% 8
\BOOKMARK [2][-]{subsection.2.4}{\376\377\000L\000i\000t\000e\000r\000a\000t\000u\000r\000e\000\040\000R\000e\000v\000i\000e\000w}{section.2}% 9
\BOOKMARK [1][-]{section.3}{\376\377\000A\000n\000a\000l\000y\000s\000i\000s\000\040\000a\000n\000d\000\040\000D\000e\000s\000i\000g\000n}{}% 10
\BOOKMARK [2][-]{subsection.3.1}{\376\377\000H\000i\000g\000h\000\040\000L\000e\000v\000e\000l\000\040\000o\000v\000e\000r\000v\000i\000e\000w\000\040\000o\000f\000\040\000p\000r\000o\000p\000o\000s\000e\000d\000\040\000d\000e\000s\000i\000g\000n}{section.3}% 11
\BOOKMARK [2][-]{subsection.3.2}{\376\377\000C\000h\000o\000i\000c\000e\000\040\000o\000f\000\040\000d\000a\000t\000a\000b\000a\000s\000e}{section.3}% 12
\BOOKMARK [2][-]{subsection.3.3}{\376\377\000C\000h\000o\000i\000c\000e\000\040\000o\000f\000\040\000p\000r\000o\000g\000r\000a\000m\000m\000i\000n\000g\000\040\000l\000a\000n\000g\000u\000a\000g\000e}{section.3}% 13
\BOOKMARK [2][-]{subsection.3.4}{\376\377\000E\000x\000t\000r\000a\000c\000t\000i\000o\000n\000\040\000o\000f\000\040\000r\000a\000w\000\040\000s\000i\000g\000n\000a\000l\000\040\000d\000a\000t\000a}{section.3}% 14
\BOOKMARK [2][-]{subsection.3.5}{\376\377\000P\000r\000e\000-\000p\000r\000o\000c\000e\000s\000s\000i\000n\000g\000\040\000o\000f\000\040\000P\000P\000G}{section.3}% 15
\BOOKMARK [2][-]{subsection.3.6}{\376\377\000S\000e\000g\000m\000e\000n\000t\000a\000t\000i\000o\000n\000\040\000\050\000a\000n\000d\000\040\000f\000e\000a\000t\000u\000r\000e\000\040\000e\000x\000t\000r\000a\000c\000t\000i\000o\000n\000\051}{section.3}% 16
\BOOKMARK [2][-]{subsection.3.7}{\376\377\000N\000e\000u\000r\000a\000l\000\040\000N\000e\000t\000w\000o\000r\000k\000\040\000m\000o\000d\000e\000l\000s}{section.3}% 17
\BOOKMARK [2][-]{subsection.3.8}{\376\377\000E\000r\000r\000o\000r\000\040\000m\000e\000t\000r\000i\000c\000s}{section.3}% 18
\BOOKMARK [2][-]{subsection.3.9}{\376\377\000E\000v\000a\000l\000u\000a\000t\000i\000o\000n\000\040\000o\000f\000\040\000e\000r\000r\000o\000r\000\040\000m\000e\000t\000r\000i\000c\000s}{section.3}% 19
\BOOKMARK [1][-]{section.4}{\376\377\000I\000m\000p\000l\000e\000m\000e\000n\000t\000a\000t\000i\000o\000n}{}% 20
\BOOKMARK [2][-]{subsection.4.1}{\376\377\000F\000i\000l\000t\000e\000r\000i\000n\000g\000\040\000t\000h\000e\000\040\000d\000a\000t\000a\000s\000e\000t}{section.4}% 21
\BOOKMARK [2][-]{subsection.4.2}{\376\377\000D\000e\000c\000i\000s\000i\000o\000n\000\040\000o\000n\000\040\000t\000h\000e\000\040\000w\000i\000n\000d\000o\000w\000\040\000l\000e\000n\000g\000t\000h}{section.4}% 22
\BOOKMARK [2][-]{subsection.4.3}{\376\377\000C\000h\000o\000o\000s\000i\000n\000g\000\040\000t\000h\000e\000\040\000p\000a\000t\000i\000e\000n\000t\000s}{section.4}% 23
\BOOKMARK [2][-]{subsection.4.4}{\376\377\000E\000x\000t\000r\000a\000c\000t\000i\000n\000g\000\040\000t\000h\000e\000\040\000g\000r\000o\000u\000n\000d\000\040\000t\000r\000u\000t\000h\000\040\000b\000l\000o\000o\000d\000\040\000p\000r\000e\000s\000s\000u\000r\000e\000\040\000v\000a\000l\000u\000e\000s}{section.4}% 24
\BOOKMARK [2][-]{subsection.4.5}{\376\377\000P\000r\000e\000p\000r\000o\000c\000e\000s\000s\000i\000n\000g\000\040\000t\000h\000e\000\040\000P\000P\000G\000\040\000s\000i\000g\000n\000a\000l}{section.4}% 25
\BOOKMARK [2][-]{subsection.4.6}{\376\377\000P\000r\000o\000c\000e\000s\000s\000i\000n\000g\000\040\000o\000f\000\040\000d\000a\000t\000a\000\040\000b\000e\000f\000o\000r\000e\000\040\000t\000r\000a\000i\000n\000i\000n\000g}{section.4}% 26
\BOOKMARK [2][-]{subsection.4.7}{\376\377\000O\000v\000e\000r\000v\000i\000e\000w\000\040\000o\000f\000\040\000N\000e\000u\000r\000a\000l\000\040\000N\000e\000t\000w\000o\000r\000k\000\040\000m\000o\000d\000e\000l\000s\000\040\000u\000s\000e\000d}{section.4}% 27
\BOOKMARK [1][-]{section.5}{\376\377\000T\000e\000s\000t\000i\000n\000g\000\040\000P\000l\000a\000n}{}% 28
\BOOKMARK [1][-]{section.6}{\376\377\000R\000e\000s\000u\000l\000t\000s}{}% 29
\BOOKMARK [2][-]{subsection.6.1}{\376\377\000I\000n\000t\000r\000o\000d\000u\000c\000t\000i\000o\000n}{section.6}% 30
\BOOKMARK [2][-]{subsection.6.2}{\376\377\000A\000l\000e\000x\000N\000e\000t}{section.6}% 31
\BOOKMARK [2][-]{subsection.6.3}{\376\377\000R\000e\000s\000N\000e\000t}{section.6}% 32
\BOOKMARK [2][-]{subsection.6.4}{\376\377\000R\000e\000s\000N\000e\000t\000\040\000w\000i\000t\000h\000\040\000L\000O\000S\000O}{section.6}% 33
\BOOKMARK [2][-]{subsection.6.5}{\376\377\000B\000i\000-\000d\000i\000r\000e\000c\000t\000i\000o\000n\000a\000l\000\040\000L\000S\000T\000M}{section.6}% 34
\BOOKMARK [2][-]{subsection.6.6}{\376\377\000T\000r\000a\000n\000s\000f\000o\000r\000m\000e\000r\000\040\000E\000n\000c\000o\000d\000e\000r}{section.6}% 35
\BOOKMARK [2][-]{subsection.6.7}{\376\377\000T\000a\000b\000l\000e\000\040\000o\000f\000\040\000M\000A\000E\000\040\000r\000e\000s\000u\000l\000t\000s}{section.6}% 36
\BOOKMARK [2][-]{subsection.6.8}{\376\377\000T\000r\000a\000i\000n\000i\000n\000g\000\040\000a\000n\000d\000\040\000I\000n\000f\000e\000r\000e\000n\000c\000e\000\040\000t\000i\000m\000e\000s}{section.6}% 37
\BOOKMARK [1][-]{section.7}{\376\377\000E\000v\000a\000l\000u\000a\000t\000i\000o\000n\000\040\000o\000f\000\040\000r\000e\000s\000u\000l\000t\000s}{}% 38
\BOOKMARK [1][-]{section.8}{\376\377\000C\000o\000n\000c\000l\000u\000s\000i\000o\000n\000s\000\040\000a\000n\000d\000\040\000F\000u\000r\000t\000h\000e\000r\000\040\000W\000o\000r\000k}{}% 39
\BOOKMARK [2][-]{subsection.8.1}{\376\377\000S\000u\000m\000m\000a\000r\000y\000\040\000o\000f\000\040\000p\000r\000o\000j\000e\000c\000t\000\040\000a\000c\000h\000i\000e\000v\000e\000m\000e\000n\000t\000s}{section.8}% 40
\BOOKMARK [2][-]{subsection.8.2}{\376\377\000F\000u\000t\000u\000r\000e\000\040\000w\000o\000r\000k}{section.8}% 41
\BOOKMARK [1][-]{subsection.8.2}{\376\377\000R\000e\000f\000e\000r\000e\000n\000c\000e\000s}{}% 42
\BOOKMARK [1][-]{subsection.8.2}{\376\377\000A\000p\000p\000e\000n\000d\000i\000x}{}% 43
